c:\users\avert second\documents\visual studio 2015\projects\apmr\cubetunnel\cubetunnel\x64\release\vc140.pdb
c:\users\avert second\documents\visual studio 2015\projects\apmr\cubetunnel\cubetunnel\x64\release\mainwindow.obj
c:\users\avert second\documents\visual studio 2015\projects\apmr\cubetunnel\cubetunnel\x64\release\main.obj
c:\users\avert second\documents\visual studio 2015\projects\apmr\cubetunnel\cubetunnel\x64\release\event_proc.obj
c:\users\avert second\documents\visual studio 2015\projects\apmr\cubetunnel\cubetunnel\x64\release\graphics.obj
c:\users\avert second\documents\visual studio 2015\projects\apmr\cubetunnel\cubetunnel\x64\release\core.obj
c:\users\avert second\documents\visual studio 2015\projects\apmr\cubetunnel\cubetunnel\x64\release\board_graphics.obj
c:\users\avert second\documents\visual studio 2015\projects\apmr\cubetunnel\cubetunnel\x64\release\board.obj
c:\users\avert second\documents\visual studio 2015\projects\apmr\cubetunnel\x64\release\cubetunnel.exe
c:\users\avert second\documents\visual studio 2015\projects\apmr\cubetunnel\x64\release\cubetunnel.ipdb
c:\users\avert second\documents\visual studio 2015\projects\apmr\cubetunnel\x64\release\cubetunnel.iobj
c:\users\avert second\documents\visual studio 2015\projects\apmr\cubetunnel\x64\release\cubetunnel.pdb
c:\users\avert second\documents\visual studio 2015\projects\apmr\cubetunnel\cubetunnel\x64\release\menu.res
c:\users\avert second\documents\visual studio 2015\projects\apmr\cubetunnel\cubetunnel\x64\release\cubetunnel.tlog\cl.command.1.tlog
c:\users\avert second\documents\visual studio 2015\projects\apmr\cubetunnel\cubetunnel\x64\release\cubetunnel.tlog\cl.read.1.tlog
c:\users\avert second\documents\visual studio 2015\projects\apmr\cubetunnel\cubetunnel\x64\release\cubetunnel.tlog\cl.write.1.tlog
c:\users\avert second\documents\visual studio 2015\projects\apmr\cubetunnel\cubetunnel\x64\release\cubetunnel.tlog\link.command.1.tlog
c:\users\avert second\documents\visual studio 2015\projects\apmr\cubetunnel\cubetunnel\x64\release\cubetunnel.tlog\link.read.1.tlog
c:\users\avert second\documents\visual studio 2015\projects\apmr\cubetunnel\cubetunnel\x64\release\cubetunnel.tlog\link.write.1.tlog
c:\users\avert second\documents\visual studio 2015\projects\apmr\cubetunnel\cubetunnel\x64\release\cubetunnel.tlog\rc.command.1.tlog
c:\users\avert second\documents\visual studio 2015\projects\apmr\cubetunnel\cubetunnel\x64\release\cubetunnel.tlog\rc.read.1.tlog
c:\users\avert second\documents\visual studio 2015\projects\apmr\cubetunnel\cubetunnel\x64\release\cubetunnel.tlog\rc.write.1.tlog
